<?xml version="1.0" encoding="UTF-8"?>
<!-- Generated by org.testng.reporters.JUnitXMLReporter -->
<testsuite ignored="0" hostname="LAPTOP-P211J040" failures="0" tests="18" name="Default test" time="63.261" errors="0" timestamp="2021-03-23T17:31:02 IST">
  <testcase classname="testcases.test" name="virtual_product_TestCases" time="15.143"/>
  <testcase classname="testcases.test" name="virtual_paymentUICases_open" time="2.556"/>
  <testcase classname="testcases.test" name="virtual_UIUX_paymentStep" time="40.214"/>
  <testcase classname="testcases.test" name="virtual_UIUX_paymentStep" time="0.044"/>
  <testcase classname="testcases.test" name="virtual_UIUX_paymentStep" time="0.069"/>
  <testcase classname="testcases.test" name="virtual_UIUX_paymentStep" time="0.023"/>
  <testcase classname="testcases.test" name="virtual_UIUX_paymentStep" time="0.028"/>
  <testcase classname="testcases.test" name="virtual_UIUX_paymentStep" time="0.105"/>
  <testcase classname="testcases.test" name="virtual_UIUX_paymentStep" time="0.099"/>
  <testcase classname="testcases.test" name="virtual_UIUX_paymentStep" time="0.011"/>
  <testcase classname="testcases.test" name="virtual_UIUX_paymentStep" time="0.01"/>
  <testcase classname="testcases.test" name="virtual_UIUX_paymentStep" time="0.009"/>
  <testcase classname="testcases.test" name="virtual_UIUX_paymentStep" time="0.01"/>
  <testcase classname="testcases.test" name="virtual_UIUX_paymentStep" time="0.01"/>
  <testcase classname="testcases.test" name="virtual_UIUX_paymentStep" time="0.009"/>
  <testcase classname="testcases.test" name="virtual_UIUX_paymentStep" time="0.009"/>
  <testcase classname="testcases.test" name="virtual_UIUX_paymentStep" time="0.009"/>
  <testcase classname="testcases.test" name="namecheck" time="0.0"/>
</testsuite> <!-- Default test -->
