<?xml version="1.0" encoding="UTF-8"?>
<testng-results ignored="0" total="18" passed="18" failed="0" skipped="0">
  <reporter-output>
  </reporter-output>
  <suite started-at="2021-03-23T17:29:59 IST" name="Default suite" finished-at="2021-03-23T17:31:02 IST" duration-ms="63261">
    <groups>
    </groups>
    <test started-at="2021-03-23T17:29:59 IST" name="Default test" finished-at="2021-03-23T17:31:02 IST" duration-ms="63261">
      <class name="testcases.test">
        <test-method is-config="true" signature="openBrowser()[pri:0, instance:testcases.test@4e096385]" started-at="2021-03-23T17:29:59 IST" name="openBrowser" finished-at="2021-03-23T17:30:01 IST" duration-ms="1856" status="PASS">
          <reporter-output>
          </reporter-output>
        </test-method> <!-- openBrowser -->
        <test-method signature="virtual_product_TestCases()[pri:1, instance:testcases.test@4e096385]" started-at="2021-03-23T17:30:01 IST" name="virtual_product_TestCases" finished-at="2021-03-23T17:30:16 IST" duration-ms="15143" status="PASS">
          <reporter-output>
          </reporter-output>
        </test-method> <!-- virtual_product_TestCases -->
        <test-method signature="virtual_paymentUICases_open()[pri:3, instance:testcases.test@4e096385]" started-at="2021-03-23T17:30:16 IST" name="virtual_paymentUICases_open" finished-at="2021-03-23T17:30:19 IST" duration-ms="2556" status="PASS">
          <reporter-output>
          </reporter-output>
        </test-method> <!-- virtual_paymentUICases_open -->
        <test-method signature="virtual_UIUX_paymentStep(java.lang.String, java.lang.String)[pri:4, instance:testcases.test@4e096385]" started-at="2021-03-23T17:30:22 IST" name="virtual_UIUX_paymentStep" data-provider="dp" finished-at="2021-03-23T17:31:02 IST" depends-on-methods="testcases.test.virtual_paymentUICases_open" duration-ms="40214" status="PASS">
          <params>
            <param index="0">
              <value>
                <![CDATA[1.0]]>
              </value>
            </param>
            <param index="1">
              <value>
                <![CDATA[]]>
              </value>
            </param>
          </params>
          <reporter-output>
          </reporter-output>
        </test-method> <!-- virtual_UIUX_paymentStep -->
        <test-method signature="virtual_UIUX_paymentStep(java.lang.String, java.lang.String)[pri:4, instance:testcases.test@4e096385]" started-at="2021-03-23T17:31:02 IST" name="virtual_UIUX_paymentStep" data-provider="dp" finished-at="2021-03-23T17:31:02 IST" depends-on-methods="testcases.test.virtual_paymentUICases_open" duration-ms="44" status="PASS">
          <params>
            <param index="0">
              <value>
                <![CDATA[2.0]]>
              </value>
            </param>
            <param index="1">
              <value>
                <![CDATA[Album]]>
              </value>
            </param>
          </params>
          <reporter-output>
          </reporter-output>
        </test-method> <!-- virtual_UIUX_paymentStep -->
        <test-method signature="virtual_UIUX_paymentStep(java.lang.String, java.lang.String)[pri:4, instance:testcases.test@4e096385]" started-at="2021-03-23T17:31:02 IST" name="virtual_UIUX_paymentStep" data-provider="dp" finished-at="2021-03-23T17:31:02 IST" depends-on-methods="testcases.test.virtual_paymentUICases_open" duration-ms="69" status="PASS">
          <params>
            <param index="0">
              <value>
                <![CDATA[3.0]]>
              </value>
            </param>
            <param index="1">
              <value>
                <![CDATA[BILLING ADDRESS]]>
              </value>
            </param>
          </params>
          <reporter-output>
          </reporter-output>
        </test-method> <!-- virtual_UIUX_paymentStep -->
        <test-method signature="virtual_UIUX_paymentStep(java.lang.String, java.lang.String)[pri:4, instance:testcases.test@4e096385]" started-at="2021-03-23T17:31:02 IST" name="virtual_UIUX_paymentStep" data-provider="dp" finished-at="2021-03-23T17:31:02 IST" depends-on-methods="testcases.test.virtual_paymentUICases_open" duration-ms="23" status="PASS">
          <params>
            <param index="0">
              <value>
                <![CDATA[4.0]]>
              </value>
            </param>
            <param index="1">
              <value>
                <![CDATA[Add a company name (Optional)]]>
              </value>
            </param>
          </params>
          <reporter-output>
          </reporter-output>
        </test-method> <!-- virtual_UIUX_paymentStep -->
        <test-method signature="virtual_UIUX_paymentStep(java.lang.String, java.lang.String)[pri:4, instance:testcases.test@4e096385]" started-at="2021-03-23T17:31:02 IST" name="virtual_UIUX_paymentStep" data-provider="dp" finished-at="2021-03-23T17:31:02 IST" depends-on-methods="testcases.test.virtual_paymentUICases_open" duration-ms="28" status="PASS">
          <params>
            <param index="0">
              <value>
                <![CDATA[5.0]]>
              </value>
            </param>
            <param index="1">
              <value>
                <![CDATA[Add another address line (Optional)]]>
              </value>
            </param>
          </params>
          <reporter-output>
          </reporter-output>
        </test-method> <!-- virtual_UIUX_paymentStep -->
        <test-method signature="virtual_UIUX_paymentStep(java.lang.String, java.lang.String)[pri:4, instance:testcases.test@4e096385]" started-at="2021-03-23T17:31:02 IST" name="virtual_UIUX_paymentStep" data-provider="dp" finished-at="2021-03-23T17:31:02 IST" depends-on-methods="testcases.test.virtual_paymentUICases_open" duration-ms="105" status="PASS">
          <params>
            <param index="0">
              <value>
                <![CDATA[6.0]]>
              </value>
            </param>
            <param index="1">
              <value>
                <![CDATA[]]>
              </value>
            </param>
          </params>
          <reporter-output>
          </reporter-output>
        </test-method> <!-- virtual_UIUX_paymentStep -->
        <test-method signature="virtual_UIUX_paymentStep(java.lang.String, java.lang.String)[pri:4, instance:testcases.test@4e096385]" started-at="2021-03-23T17:31:02 IST" name="virtual_UIUX_paymentStep" data-provider="dp" finished-at="2021-03-23T17:31:02 IST" depends-on-methods="testcases.test.virtual_paymentUICases_open" duration-ms="99" status="PASS">
          <params>
            <param index="0">
              <value>
                <![CDATA[7.0]]>
              </value>
            </param>
            <param index="1">
              <value>
                <![CDATA[]]>
              </value>
            </param>
          </params>
          <reporter-output>
          </reporter-output>
        </test-method> <!-- virtual_UIUX_paymentStep -->
        <test-method signature="virtual_UIUX_paymentStep(java.lang.String, java.lang.String)[pri:4, instance:testcases.test@4e096385]" started-at="2021-03-23T17:31:02 IST" name="virtual_UIUX_paymentStep" data-provider="dp" finished-at="2021-03-23T17:31:02 IST" depends-on-methods="testcases.test.virtual_paymentUICases_open" duration-ms="11" status="PASS">
          <params>
            <param index="0">
              <value>
                <![CDATA[8.0]]>
              </value>
            </param>
            <param index="1">
              <value>
                <![CDATA[]]>
              </value>
            </param>
          </params>
          <reporter-output>
          </reporter-output>
        </test-method> <!-- virtual_UIUX_paymentStep -->
        <test-method signature="virtual_UIUX_paymentStep(java.lang.String, java.lang.String)[pri:4, instance:testcases.test@4e096385]" started-at="2021-03-23T17:31:02 IST" name="virtual_UIUX_paymentStep" data-provider="dp" finished-at="2021-03-23T17:31:02 IST" depends-on-methods="testcases.test.virtual_paymentUICases_open" duration-ms="10" status="PASS">
          <params>
            <param index="0">
              <value>
                <![CDATA[9.0]]>
              </value>
            </param>
            <param index="1">
              <value>
                <![CDATA[Add a discount code]]>
              </value>
            </param>
          </params>
          <reporter-output>
          </reporter-output>
        </test-method> <!-- virtual_UIUX_paymentStep -->
        <test-method signature="virtual_UIUX_paymentStep(java.lang.String, java.lang.String)[pri:4, instance:testcases.test@4e096385]" started-at="2021-03-23T17:31:02 IST" name="virtual_UIUX_paymentStep" data-provider="dp" finished-at="2021-03-23T17:31:02 IST" depends-on-methods="testcases.test.virtual_paymentUICases_open" duration-ms="9" status="PASS">
          <params>
            <param index="0">
              <value>
                <![CDATA[10.0]]>
              </value>
            </param>
            <param index="1">
              <value>
                <![CDATA[]]>
              </value>
            </param>
          </params>
          <reporter-output>
          </reporter-output>
        </test-method> <!-- virtual_UIUX_paymentStep -->
        <test-method signature="virtual_UIUX_paymentStep(java.lang.String, java.lang.String)[pri:4, instance:testcases.test@4e096385]" started-at="2021-03-23T17:31:02 IST" name="virtual_UIUX_paymentStep" data-provider="dp" finished-at="2021-03-23T17:31:02 IST" depends-on-methods="testcases.test.virtual_paymentUICases_open" duration-ms="10" status="PASS">
          <params>
            <param index="0">
              <value>
                <![CDATA[11.0]]>
              </value>
            </param>
            <param index="1">
              <value>
                <![CDATA[]]>
              </value>
            </param>
          </params>
          <reporter-output>
          </reporter-output>
        </test-method> <!-- virtual_UIUX_paymentStep -->
        <test-method signature="virtual_UIUX_paymentStep(java.lang.String, java.lang.String)[pri:4, instance:testcases.test@4e096385]" started-at="2021-03-23T17:31:02 IST" name="virtual_UIUX_paymentStep" data-provider="dp" finished-at="2021-03-23T17:31:02 IST" depends-on-methods="testcases.test.virtual_paymentUICases_open" duration-ms="10" status="PASS">
          <params>
            <param index="0">
              <value>
                <![CDATA[12.0]]>
              </value>
            </param>
            <param index="1">
              <value>
                <![CDATA[]]>
              </value>
            </param>
          </params>
          <reporter-output>
          </reporter-output>
        </test-method> <!-- virtual_UIUX_paymentStep -->
        <test-method signature="virtual_UIUX_paymentStep(java.lang.String, java.lang.String)[pri:4, instance:testcases.test@4e096385]" started-at="2021-03-23T17:31:02 IST" name="virtual_UIUX_paymentStep" data-provider="dp" finished-at="2021-03-23T17:31:02 IST" depends-on-methods="testcases.test.virtual_paymentUICases_open" duration-ms="9" status="PASS">
          <params>
            <param index="0">
              <value>
                <![CDATA[13.0]]>
              </value>
            </param>
            <param index="1">
              <value>
                <![CDATA[]]>
              </value>
            </param>
          </params>
          <reporter-output>
          </reporter-output>
        </test-method> <!-- virtual_UIUX_paymentStep -->
        <test-method signature="virtual_UIUX_paymentStep(java.lang.String, java.lang.String)[pri:4, instance:testcases.test@4e096385]" started-at="2021-03-23T17:31:02 IST" name="virtual_UIUX_paymentStep" data-provider="dp" finished-at="2021-03-23T17:31:02 IST" depends-on-methods="testcases.test.virtual_paymentUICases_open" duration-ms="9" status="PASS">
          <params>
            <param index="0">
              <value>
                <![CDATA[14.0]]>
              </value>
            </param>
            <param index="1">
              <value>
                <![CDATA[]]>
              </value>
            </param>
          </params>
          <reporter-output>
          </reporter-output>
        </test-method> <!-- virtual_UIUX_paymentStep -->
        <test-method signature="virtual_UIUX_paymentStep(java.lang.String, java.lang.String)[pri:4, instance:testcases.test@4e096385]" started-at="2021-03-23T17:31:02 IST" name="virtual_UIUX_paymentStep" data-provider="dp" finished-at="2021-03-23T17:31:02 IST" depends-on-methods="testcases.test.virtual_paymentUICases_open" duration-ms="9" status="PASS">
          <params>
            <param index="0">
              <value>
                <![CDATA[15.0]]>
              </value>
            </param>
            <param index="1">
              <value>
                <![CDATA[]]>
              </value>
            </param>
          </params>
          <reporter-output>
          </reporter-output>
        </test-method> <!-- virtual_UIUX_paymentStep -->
        <test-method signature="namecheck()[pri:5, instance:testcases.test@4e096385]" started-at="2021-03-23T17:31:02 IST" name="namecheck" finished-at="2021-03-23T17:31:02 IST" duration-ms="0" status="PASS">
          <reporter-output>
          </reporter-output>
        </test-method> <!-- namecheck -->
      </class> <!-- testcases.test -->
    </test> <!-- Default test -->
  </suite> <!-- Default suite -->
</testng-results>
